Started GET "/" for ::1 at 2021-11-30 13:39:22 +0530
Started GET "/" for ::1 at 2021-11-30 13:39:23 +0530
Started GET "/" for ::1 at 2021-11-30 13:39:23 +0530
Started GET "/" for ::1 at 2021-11-30 13:39:23 +0530
  [1m[35m (42.6ms)[0m  [1m[34mSELECT sqlite_version(*)[0m
Processing by Rails::WelcomeController#index as HTML
Processing by Rails::WelcomeController#index as HTML
Processing by Rails::WelcomeController#index as HTML
Processing by Rails::WelcomeController#index as HTML
  Rendering C:/Ruby30-x64/lib/ruby/gems/3.0.0/gems/railties-6.1.4.1/lib/rails/templates/rails/welcome/index.html.erb
  Rendering C:/Ruby30-x64/lib/ruby/gems/3.0.0/gems/railties-6.1.4.1/lib/rails/templates/rails/welcome/index.html.erb
  Rendering C:/Ruby30-x64/lib/ruby/gems/3.0.0/gems/railties-6.1.4.1/lib/rails/templates/rails/welcome/index.html.erb
  Rendering C:/Ruby30-x64/lib/ruby/gems/3.0.0/gems/railties-6.1.4.1/lib/rails/templates/rails/welcome/index.html.erb
  Rendered C:/Ruby30-x64/lib/ruby/gems/3.0.0/gems/railties-6.1.4.1/lib/rails/templates/rails/welcome/index.html.erb (Duration: 220.0ms | Allocations: 647)
Completed 200 OK in 587ms (Views: 311.8ms | ActiveRecord: 0.0ms | Allocations: 6709)


  Rendered C:/Ruby30-x64/lib/ruby/gems/3.0.0/gems/railties-6.1.4.1/lib/rails/templates/rails/welcome/index.html.erb (Duration: 181.9ms | Allocations: 790)
Completed 200 OK in 577ms (Views: 335.7ms | ActiveRecord: 0.0ms | Allocations: 6604)


  Rendered C:/Ruby30-x64/lib/ruby/gems/3.0.0/gems/railties-6.1.4.1/lib/rails/templates/rails/welcome/index.html.erb (Duration: 223.5ms | Allocations: 1303)
Completed 200 OK in 580ms (Views: 342.7ms | ActiveRecord: 0.0ms | Allocations: 6639)


  Rendered C:/Ruby30-x64/lib/ruby/gems/3.0.0/gems/railties-6.1.4.1/lib/rails/templates/rails/welcome/index.html.erb (Duration: 218.6ms | Allocations: 1120)
Completed 200 OK in 588ms (Views: 347.9ms | ActiveRecord: 0.0ms | Allocations: 6840)


Started GET "/" for ::1 at 2021-11-30 13:41:53 +0530
  [1m[35m (3.3ms)[0m  [1m[34mSELECT sqlite_version(*)[0m
Processing by Rails::WelcomeController#index as HTML
  Rendering C:/Ruby30-x64/lib/ruby/gems/3.0.0/gems/railties-6.1.4.1/lib/rails/templates/rails/welcome/index.html.erb
  Rendered C:/Ruby30-x64/lib/ruby/gems/3.0.0/gems/railties-6.1.4.1/lib/rails/templates/rails/welcome/index.html.erb (Duration: 18.4ms | Allocations: 495)
Completed 200 OK in 62ms (Views: 25.9ms | ActiveRecord: 0.0ms | Allocations: 3642)


Started GET "/" for ::1 at 2021-11-30 13:59:50 +0530
  [1m[35m (2.2ms)[0m  [1m[34mSELECT sqlite_version(*)[0m
Processing by Rails::WelcomeController#index as HTML
  Rendering C:/Ruby30-x64/lib/ruby/gems/3.0.0/gems/railties-6.1.4.1/lib/rails/templates/rails/welcome/index.html.erb
  Rendered C:/Ruby30-x64/lib/ruby/gems/3.0.0/gems/railties-6.1.4.1/lib/rails/templates/rails/welcome/index.html.erb (Duration: 16.4ms | Allocations: 495)
Completed 200 OK in 55ms (Views: 23.3ms | ActiveRecord: 0.0ms | Allocations: 3645)


Started GET "/fields" for ::1 at 2021-11-30 14:06:23 +0530
  [1m[35m (0.2ms)[0m  [1m[34mSELECT sqlite_version(*)[0m
  [1m[35m (138.3ms)[0m  [1m[35mCREATE TABLE "schema_migrations" ("version" varchar NOT NULL PRIMARY KEY)[0m
  [1m[35m (55.6ms)[0m  [1m[35mCREATE TABLE "ar_internal_metadata" ("key" varchar NOT NULL PRIMARY KEY, "value" varchar, "created_at" datetime(6) NOT NULL, "updated_at" datetime(6) NOT NULL)[0m
  [1m[35m (0.9ms)[0m  [1m[34mSELECT "schema_migrations"."version" FROM "schema_migrations" ORDER BY "schema_migrations"."version" ASC[0m
  
ActiveRecord::PendingMigrationError (

Migrations are pending. To resolve this issue, run:

        bin/rails db:migrate RAILS_ENV=development

You have 1 pending migration:

20211130083533_create_fields.rb


):
  
activerecord (6.1.4.1) lib/active_record/migration.rb:625:in `check_pending!'
activerecord (6.1.4.1) lib/active_record/migration.rb:590:in `block (2 levels) in call'
activesupport (6.1.4.1) lib/active_support/file_update_checker.rb:83:in `execute'
activesupport (6.1.4.1) lib/active_support/file_update_checker.rb:93:in `execute_if_updated'
activerecord (6.1.4.1) lib/active_record/migration.rb:597:in `block in call'
activerecord (6.1.4.1) lib/active_record/migration.rb:587:in `synchronize'
activerecord (6.1.4.1) lib/active_record/migration.rb:587:in `call'
actionpack (6.1.4.1) lib/action_dispatch/middleware/callbacks.rb:27:in `block in call'
activesupport (6.1.4.1) lib/active_support/callbacks.rb:98:in `run_callbacks'
actionpack (6.1.4.1) lib/action_dispatch/middleware/callbacks.rb:26:in `call'
actionpack (6.1.4.1) lib/action_dispatch/middleware/executor.rb:14:in `call'
actionpack (6.1.4.1) lib/action_dispatch/middleware/actionable_exceptions.rb:18:in `call'
actionpack (6.1.4.1) lib/action_dispatch/middleware/debug_exceptions.rb:29:in `call'
web-console (4.2.0) lib/web_console/middleware.rb:132:in `call_app'
web-console (4.2.0) lib/web_console/middleware.rb:28:in `block in call'
web-console (4.2.0) lib/web_console/middleware.rb:17:in `catch'
web-console (4.2.0) lib/web_console/middleware.rb:17:in `call'
actionpack (6.1.4.1) lib/action_dispatch/middleware/show_exceptions.rb:33:in `call'
railties (6.1.4.1) lib/rails/rack/logger.rb:37:in `call_app'
railties (6.1.4.1) lib/rails/rack/logger.rb:26:in `block in call'
activesupport (6.1.4.1) lib/active_support/tagged_logging.rb:99:in `block in tagged'
activesupport (6.1.4.1) lib/active_support/tagged_logging.rb:37:in `tagged'
activesupport (6.1.4.1) lib/active_support/tagged_logging.rb:99:in `tagged'
railties (6.1.4.1) lib/rails/rack/logger.rb:26:in `call'
sprockets-rails (3.4.1) lib/sprockets/rails/quiet_assets.rb:13:in `call'
actionpack (6.1.4.1) lib/action_dispatch/middleware/remote_ip.rb:81:in `call'
actionpack (6.1.4.1) lib/action_dispatch/middleware/request_id.rb:26:in `call'
rack (2.2.3) lib/rack/method_override.rb:24:in `call'
rack (2.2.3) lib/rack/runtime.rb:22:in `call'
activesupport (6.1.4.1) lib/active_support/cache/strategy/local_cache_middleware.rb:29:in `call'
actionpack (6.1.4.1) lib/action_dispatch/middleware/executor.rb:14:in `call'
actionpack (6.1.4.1) lib/action_dispatch/middleware/static.rb:24:in `call'
rack (2.2.3) lib/rack/sendfile.rb:110:in `call'
actionpack (6.1.4.1) lib/action_dispatch/middleware/host_authorization.rb:98:in `call'
rack-mini-profiler (2.3.3) lib/mini_profiler/profiler.rb:393:in `call'
webpacker (5.4.3) lib/webpacker/dev_server_proxy.rb:25:in `perform_request'
rack-proxy (0.7.0) lib/rack/proxy.rb:63:in `call'
railties (6.1.4.1) lib/rails/engine.rb:539:in `call'
puma (5.5.2) lib/puma/configuration.rb:249:in `call'
puma (5.5.2) lib/puma/request.rb:77:in `block in handle_request'
puma (5.5.2) lib/puma/thread_pool.rb:340:in `with_force_shutdown'
puma (5.5.2) lib/puma/request.rb:76:in `handle_request'
puma (5.5.2) lib/puma/server.rb:447:in `process_client'
puma (5.5.2) lib/puma/thread_pool.rb:147:in `block in spawn_thread'
Started POST "/rails/actions" for ::1 at 2021-11-30 14:06:38 +0530
  [1m[35m (0.6ms)[0m  [1m[34mSELECT "schema_migrations"."version" FROM "schema_migrations" ORDER BY "schema_migrations"."version" ASC[0m
Migrating to CreateFields (20211130083533)
  [1m[36mTRANSACTION (0.2ms)[0m  [1m[36mbegin transaction[0m
  [1m[35m (2.8ms)[0m  [1m[35mCREATE TABLE "fields" ("id" integer PRIMARY KEY AUTOINCREMENT NOT NULL, "name" varchar, "age" decimal, "gender" varchar, "designationrole" text, "created_at" datetime(6) NOT NULL, "updated_at" datetime(6) NOT NULL)[0m
  [1m[36mActiveRecord::SchemaMigration Create (11.6ms)[0m  [1m[32mINSERT INTO "schema_migrations" ("version") VALUES (?)[0m  [["version", "20211130083533"]]
  [1m[36mTRANSACTION (168.0ms)[0m  [1m[36mcommit transaction[0m
  [1m[36mActiveRecord::InternalMetadata Load (0.8ms)[0m  [1m[34mSELECT "ar_internal_metadata".* FROM "ar_internal_metadata" WHERE "ar_internal_metadata"."key" = ? LIMIT ?[0m  [["key", "environment"], ["LIMIT", 1]]
  [1m[36mTRANSACTION (0.1ms)[0m  [1m[36mbegin transaction[0m
  [1m[36mActiveRecord::InternalMetadata Create (3.0ms)[0m  [1m[32mINSERT INTO "ar_internal_metadata" ("key", "value", "created_at", "updated_at") VALUES (?, ?, ?, ?)[0m  [["key", "environment"], ["value", "development"], ["created_at", "2021-11-30 08:36:38.759863"], ["updated_at", "2021-11-30 08:36:38.759863"]]
  [1m[36mTRANSACTION (48.8ms)[0m  [1m[36mcommit transaction[0m
  [1m[35m (2.9ms)[0m  [1m[34mSELECT "schema_migrations"."version" FROM "schema_migrations" ORDER BY "schema_migrations"."version" ASC[0m
Started GET "/fields" for ::1 at 2021-11-30 14:06:39 +0530
  [1m[35m (0.2ms)[0m  [1m[34mSELECT sqlite_version(*)[0m
  [1m[35m (0.8ms)[0m  [1m[34mSELECT "schema_migrations"."version" FROM "schema_migrations" ORDER BY "schema_migrations"."version" ASC[0m
Processing by FieldsController#index as HTML
  Rendering layout layouts/application.html.erb
  Rendering fields/index.html.erb within layouts/application
  [1m[36mField Load (0.8ms)[0m  [1m[34mSELECT "fields".* FROM "fields"[0m
  ↳ app/views/fields/index.html.erb:17
  Rendered fields/index.html.erb within layouts/application (Duration: 49.3ms | Allocations: 1317)
[Webpacker] Compiling...
Started POST "/rails/actions" for ::1 at 2021-11-30 14:07:03 +0530
  [1m[35m (0.3ms)[0m  [1m[34mSELECT sqlite_version(*)[0m
  [1m[35m (0.8ms)[0m  [1m[34mSELECT "schema_migrations"."version" FROM "schema_migrations" ORDER BY "schema_migrations"."version" ASC[0m
  [1m[36mActiveRecord::InternalMetadata Load (1.0ms)[0m  [1m[34mSELECT "ar_internal_metadata".* FROM "ar_internal_metadata" WHERE "ar_internal_metadata"."key" = ? LIMIT ?[0m  [["key", "environment"], ["LIMIT", 1]]
  [1m[35mCACHE  (0.0ms)[0m  [1m[34mSELECT "schema_migrations"."version" FROM "schema_migrations" ORDER BY "schema_migrations"."version" ASC[0m
Started GET "/fields" for ::1 at 2021-11-30 14:07:03 +0530
[Webpacker] Compiled all packs in C:/Users/LENOVO/Desktop/fields/public/packs
[Webpacker] Hash: e2a8a876c5815bee1e21
Version: webpack 4.46.0
Time: 11706ms
Built at: 30/11/2021 2:07:09 pm
                                     Asset       Size       Chunks                         Chunk Names
    js/application-e421b4aa3f716bebdab1.js    125 KiB  application  [emitted] [immutable]  application
js/application-e421b4aa3f716bebdab1.js.map    139 KiB  application  [emitted] [dev]        application
                             manifest.json  364 bytes               [emitted]              
Entrypoint application = js/application-e421b4aa3f716bebdab1.js js/application-e421b4aa3f716bebdab1.js.map
[./app/javascript/channels sync recursive _channel\.js$] ./app/javascript/channels sync _channel\.js$ 160 bytes {application} [built]
[./app/javascript/channels/index.js] 211 bytes {application} [built]
[./app/javascript/packs/application.js] 492 bytes {application} [built]
[./node_modules/webpack/buildin/module.js] (webpack)/buildin/module.js 552 bytes {application} [built]
    + 3 hidden modules

  Rendered layout layouts/application.html.erb (Duration: 31317.8ms | Allocations: 29504)
Completed 200 OK in 31425ms (Views: 31346.1ms | ActiveRecord: 0.8ms | Allocations: 31651)


Processing by FieldsController#index as HTML
  Rendering layout layouts/application.html.erb
  Rendering fields/index.html.erb within layouts/application
  [1m[35m (0.2ms)[0m  [1m[34mSELECT sqlite_version(*)[0m
  ↳ app/views/fields/index.html.erb:17
  [1m[36mField Load (0.9ms)[0m  [1m[34mSELECT "fields".* FROM "fields"[0m
  ↳ app/views/fields/index.html.erb:17
  Rendered fields/index.html.erb within layouts/application (Duration: 23.3ms | Allocations: 1693)
[Webpacker] Everything's up-to-date. Nothing to do
  Rendered layout layouts/application.html.erb (Duration: 97.9ms | Allocations: 5415)
Completed 200 OK in 114ms (Views: 102.3ms | ActiveRecord: 1.9ms | Allocations: 6759)


Started GET "/fields/new" for ::1 at 2021-11-30 14:07:25 +0530
Processing by FieldsController#new as HTML
  Rendering layout layouts/application.html.erb
  Rendering fields/new.html.erb within layouts/application
  Rendered fields/_form.html.erb (Duration: 392.4ms | Allocations: 6086)
  Rendered fields/new.html.erb within layouts/application (Duration: 401.1ms | Allocations: 6476)
[Webpacker] Everything's up-to-date. Nothing to do
  Rendered layout layouts/application.html.erb (Duration: 470.8ms | Allocations: 10090)
Completed 200 OK in 497ms (Views: 473.9ms | ActiveRecord: 3.8ms | Allocations: 14403)


Started POST "/fields" for ::1 at 2021-11-30 14:09:24 +0530
Processing by FieldsController#create as HTML
  Parameters: {"authenticity_token"=>"[FILTERED]", "field"=>{"name"=>"kumar", "age"=>"18", "gender"=>"male", "designationrole"=>"Traine"}, "commit"=>"Create Field"}
  [1m[36mTRANSACTION (0.1ms)[0m  [1m[36mbegin transaction[0m
  ↳ app/controllers/fields_controller.rb:27:in `block in create'
  [1m[36mField Create (3.7ms)[0m  [1m[32mINSERT INTO "fields" ("name", "age", "gender", "designationrole", "created_at", "updated_at") VALUES (?, ?, ?, ?, ?, ?)[0m  [["name", "kumar"], ["age", 18.0], ["gender", "male"], ["designationrole", "Traine"], ["created_at", "2021-11-30 08:39:24.834604"], ["updated_at", "2021-11-30 08:39:24.834604"]]
  ↳ app/controllers/fields_controller.rb:27:in `block in create'
  [1m[36mTRANSACTION (44.7ms)[0m  [1m[36mcommit transaction[0m
  ↳ app/controllers/fields_controller.rb:27:in `block in create'
Redirected to http://localhost:3000/fields/1
Completed 302 Found in 246ms (ActiveRecord: 48.6ms | Allocations: 3196)


Started GET "/fields/1" for ::1 at 2021-11-30 14:09:25 +0530
Processing by FieldsController#show as HTML
  Parameters: {"id"=>"1"}
  [1m[36mField Load (1.3ms)[0m  [1m[34mSELECT "fields".* FROM "fields" WHERE "fields"."id" = ? LIMIT ?[0m  [["id", 1], ["LIMIT", 1]]
  ↳ app/controllers/fields_controller.rb:62:in `set_field'
  Rendering layout layouts/application.html.erb
  Rendering fields/show.html.erb within layouts/application
  Rendered fields/show.html.erb within layouts/application (Duration: 2.8ms | Allocations: 353)
[Webpacker] Everything's up-to-date. Nothing to do
  Rendered layout layouts/application.html.erb (Duration: 85.7ms | Allocations: 3830)
Completed 200 OK in 106ms (Views: 90.3ms | ActiveRecord: 1.3ms | Allocations: 5320)


Started GET "/fields" for ::1 at 2021-11-30 14:10:25 +0530
Processing by FieldsController#index as HTML
  Rendering layout layouts/application.html.erb
  Rendering fields/index.html.erb within layouts/application
  [1m[36mField Load (0.6ms)[0m  [1m[34mSELECT "fields".* FROM "fields"[0m
  ↳ app/views/fields/index.html.erb:17
  Rendered fields/index.html.erb within layouts/application (Duration: 7.4ms | Allocations: 856)
[Webpacker] Everything's up-to-date. Nothing to do
  Rendered layout layouts/application.html.erb (Duration: 110.4ms | Allocations: 4359)
Completed 200 OK in 118ms (Views: 114.3ms | ActiveRecord: 0.6ms | Allocations: 4845)


Started GET "/fields/new" for ::1 at 2021-11-30 14:10:31 +0530
Processing by FieldsController#new as HTML
  Rendering layout layouts/application.html.erb
  Rendering fields/new.html.erb within layouts/application
  Rendered fields/_form.html.erb (Duration: 4.2ms | Allocations: 1054)
  Rendered fields/new.html.erb within layouts/application (Duration: 6.4ms | Allocations: 1173)
[Webpacker] Everything's up-to-date. Nothing to do
  Rendered layout layouts/application.html.erb (Duration: 83.1ms | Allocations: 4637)
Completed 200 OK in 90ms (Views: 86.1ms | ActiveRecord: 0.0ms | Allocations: 5163)


Started GET "/fields/1" for ::1 at 2021-11-30 14:10:36 +0530
Processing by FieldsController#show as HTML
  Parameters: {"id"=>"1"}
  [1m[36mField Load (0.6ms)[0m  [1m[34mSELECT "fields".* FROM "fields" WHERE "fields"."id" = ? LIMIT ?[0m  [["id", 1], ["LIMIT", 1]]
  ↳ app/controllers/fields_controller.rb:62:in `set_field'
  Rendering layout layouts/application.html.erb
  Rendering fields/show.html.erb within layouts/application
  Rendered fields/show.html.erb within layouts/application (Duration: 1.2ms | Allocations: 118)
[Webpacker] Everything's up-to-date. Nothing to do
  Rendered layout layouts/application.html.erb (Duration: 76.3ms | Allocations: 3592)
Completed 200 OK in 89ms (Views: 80.3ms | ActiveRecord: 0.6ms | Allocations: 4620)


Started GET "/fields/new" for ::1 at 2021-11-30 14:11:01 +0530
Processing by FieldsController#new as HTML
  Rendering layout layouts/application.html.erb
  Rendering fields/new.html.erb within layouts/application
  Rendered fields/_form.html.erb (Duration: 5.6ms | Allocations: 1029)
  Rendered fields/new.html.erb within layouts/application (Duration: 10.8ms | Allocations: 1144)
[Webpacker] Everything's up-to-date. Nothing to do
  Rendered layout layouts/application.html.erb (Duration: 94.3ms | Allocations: 4606)
Completed 200 OK in 101ms (Views: 97.2ms | ActiveRecord: 0.0ms | Allocations: 5092)


Started POST "/fields" for ::1 at 2021-11-30 14:11:08 +0530
Processing by FieldsController#create as HTML
  Parameters: {"authenticity_token"=>"[FILTERED]", "field"=>{"name"=>"kumar", "age"=>"18", "gender"=>"male", "designationrole"=>"Traine"}, "commit"=>"Create Field"}
  [1m[36mTRANSACTION (0.1ms)[0m  [1m[36mbegin transaction[0m
  ↳ app/controllers/fields_controller.rb:27:in `block in create'
  [1m[36mField Create (5.0ms)[0m  [1m[32mINSERT INTO "fields" ("name", "age", "gender", "designationrole", "created_at", "updated_at") VALUES (?, ?, ?, ?, ?, ?)[0m  [["name", "kumar"], ["age", 18.0], ["gender", "male"], ["designationrole", "Traine"], ["created_at", "2021-11-30 08:41:08.594811"], ["updated_at", "2021-11-30 08:41:08.594811"]]
  ↳ app/controllers/fields_controller.rb:27:in `block in create'
  [1m[36mTRANSACTION (104.1ms)[0m  [1m[36mcommit transaction[0m
  ↳ app/controllers/fields_controller.rb:27:in `block in create'
Redirected to http://localhost:3000/fields/2
Completed 302 Found in 139ms (ActiveRecord: 109.3ms | Allocations: 2546)


Started GET "/fields/2" for ::1 at 2021-11-30 14:11:08 +0530
Processing by FieldsController#show as HTML
  Parameters: {"id"=>"2"}
  [1m[36mField Load (0.7ms)[0m  [1m[34mSELECT "fields".* FROM "fields" WHERE "fields"."id" = ? LIMIT ?[0m  [["id", 2], ["LIMIT", 1]]
  ↳ app/controllers/fields_controller.rb:62:in `set_field'
  Rendering layout layouts/application.html.erb
  Rendering fields/show.html.erb within layouts/application
  Rendered fields/show.html.erb within layouts/application (Duration: 1.3ms | Allocations: 120)
[Webpacker] Everything's up-to-date. Nothing to do
  Rendered layout layouts/application.html.erb (Duration: 90.9ms | Allocations: 3597)
Completed 200 OK in 103ms (Views: 93.6ms | ActiveRecord: 0.7ms | Allocations: 4628)


Started GET "/fields/2/edit" for ::1 at 2021-11-30 14:11:14 +0530
Processing by FieldsController#edit as HTML
  Parameters: {"id"=>"2"}
  [1m[36mField Load (0.5ms)[0m  [1m[34mSELECT "fields".* FROM "fields" WHERE "fields"."id" = ? LIMIT ?[0m  [["id", 2], ["LIMIT", 1]]
  ↳ app/controllers/fields_controller.rb:62:in `set_field'
  Rendering layout layouts/application.html.erb
  Rendering fields/edit.html.erb within layouts/application
  Rendered fields/_form.html.erb (Duration: 3.9ms | Allocations: 1095)
  Rendered fields/edit.html.erb within layouts/application (Duration: 7.5ms | Allocations: 1363)
[Webpacker] Everything's up-to-date. Nothing to do
  Rendered layout layouts/application.html.erb (Duration: 77.4ms | Allocations: 4851)
Completed 200 OK in 92ms (Views: 81.8ms | ActiveRecord: 0.5ms | Allocations: 6003)


Started GET "/fields" for ::1 at 2021-11-30 14:11:18 +0530
Processing by FieldsController#index as HTML
  Rendering layout layouts/application.html.erb
  Rendering fields/index.html.erb within layouts/application
  [1m[36mField Load (0.5ms)[0m  [1m[34mSELECT "fields".* FROM "fields"[0m
  ↳ app/views/fields/index.html.erb:17
  Rendered fields/index.html.erb within layouts/application (Duration: 8.0ms | Allocations: 945)
[Webpacker] Everything's up-to-date. Nothing to do
  Rendered layout layouts/application.html.erb (Duration: 82.1ms | Allocations: 4445)
Completed 200 OK in 90ms (Views: 87.0ms | ActiveRecord: 0.5ms | Allocations: 4930)


Started GET "/fields/new" for ::1 at 2021-11-30 14:12:08 +0530
Processing by FieldsController#new as HTML
  Rendering layout layouts/application.html.erb
  Rendering fields/new.html.erb within layouts/application
  Rendered fields/_form.html.erb (Duration: 4.0ms | Allocations: 1029)
  Rendered fields/new.html.erb within layouts/application (Duration: 6.1ms | Allocations: 1144)
[Webpacker] Everything's up-to-date. Nothing to do
  Rendered layout layouts/application.html.erb (Duration: 87.1ms | Allocations: 4606)
Completed 200 OK in 98ms (Views: 95.0ms | ActiveRecord: 0.0ms | Allocations: 5092)


Started POST "/fields" for ::1 at 2021-11-30 14:12:18 +0530
Processing by FieldsController#create as HTML
  Parameters: {"authenticity_token"=>"[FILTERED]", "field"=>{"name"=>"kumar", "age"=>"18", "gender"=>"male", "designationrole"=>"Traine"}, "commit"=>"Create Field"}
  [1m[36mTRANSACTION (0.3ms)[0m  [1m[36mbegin transaction[0m
  ↳ app/controllers/fields_controller.rb:27:in `block in create'
  [1m[36mField Create (3.8ms)[0m  [1m[32mINSERT INTO "fields" ("name", "age", "gender", "designationrole", "created_at", "updated_at") VALUES (?, ?, ?, ?, ?, ?)[0m  [["name", "kumar"], ["age", 18.0], ["gender", "male"], ["designationrole", "Traine"], ["created_at", "2021-11-30 08:42:18.376338"], ["updated_at", "2021-11-30 08:42:18.376338"]]
  ↳ app/controllers/fields_controller.rb:27:in `block in create'
  [1m[36mTRANSACTION (49.1ms)[0m  [1m[36mcommit transaction[0m
  ↳ app/controllers/fields_controller.rb:27:in `block in create'
Redirected to http://localhost:3000/fields/3
Completed 302 Found in 99ms (ActiveRecord: 53.3ms | Allocations: 2544)


Started GET "/fields/3" for ::1 at 2021-11-30 14:12:18 +0530
Processing by FieldsController#show as HTML
  Parameters: {"id"=>"3"}
  [1m[36mField Load (0.5ms)[0m  [1m[34mSELECT "fields".* FROM "fields" WHERE "fields"."id" = ? LIMIT ?[0m  [["id", 3], ["LIMIT", 1]]
  ↳ app/controllers/fields_controller.rb:62:in `set_field'
  Rendering layout layouts/application.html.erb
  Rendering fields/show.html.erb within layouts/application
  Rendered fields/show.html.erb within layouts/application (Duration: 1.1ms | Allocations: 120)
[Webpacker] Everything's up-to-date. Nothing to do
  Rendered layout layouts/application.html.erb (Duration: 87.6ms | Allocations: 3594)
Completed 200 OK in 99ms (Views: 91.4ms | ActiveRecord: 0.5ms | Allocations: 4625)


Started GET "/fields/3/edit" for ::1 at 2021-11-30 14:12:23 +0530
Processing by FieldsController#edit as HTML
  Parameters: {"id"=>"3"}
  [1m[36mField Load (0.5ms)[0m  [1m[34mSELECT "fields".* FROM "fields" WHERE "fields"."id" = ? LIMIT ?[0m  [["id", 3], ["LIMIT", 1]]
  ↳ app/controllers/fields_controller.rb:62:in `set_field'
  Rendering layout layouts/application.html.erb
  Rendering fields/edit.html.erb within layouts/application
  Rendered fields/_form.html.erb (Duration: 4.2ms | Allocations: 1070)
  Rendered fields/edit.html.erb within layouts/application (Duration: 6.5ms | Allocations: 1212)
[Webpacker] Everything's up-to-date. Nothing to do
  Rendered layout layouts/application.html.erb (Duration: 75.6ms | Allocations: 4708)
Completed 200 OK in 88ms (Views: 79.5ms | ActiveRecord: 0.5ms | Allocations: 5737)


Started GET "/fields" for ::1 at 2021-11-30 14:12:25 +0530
Processing by FieldsController#index as HTML
  Rendering layout layouts/application.html.erb
  Rendering fields/index.html.erb within layouts/application
  [1m[36mField Load (0.6ms)[0m  [1m[34mSELECT "fields".* FROM "fields"[0m
  ↳ app/views/fields/index.html.erb:17
  Rendered fields/index.html.erb within layouts/application (Duration: 7.6ms | Allocations: 1058)
[Webpacker] Everything's up-to-date. Nothing to do
  Rendered layout layouts/application.html.erb (Duration: 84.2ms | Allocations: 4558)
Completed 200 OK in 94ms (Views: 87.2ms | ActiveRecord: 0.6ms | Allocations: 5043)


Started GET "/fields" for ::1 at 2021-11-30 21:21:22 +0530
Processing by FieldsController#index as HTML
  Rendering layout layouts/application.html.erb
  Rendering fields/index.html.erb within layouts/application
  [1m[35m (0.2ms)[0m  [1m[34mSELECT sqlite_version(*)[0m
  ↳ app/views/fields/index.html.erb:17
  [1m[36mField Load (0.8ms)[0m  [1m[34mSELECT "fields".* FROM "fields"[0m
  ↳ app/views/fields/index.html.erb:17
  Rendered fields/index.html.erb within layouts/application (Duration: 84.3ms | Allocations: 1807)
[Webpacker] Everything's up-to-date. Nothing to do
  Rendered layout layouts/application.html.erb (Duration: 308.2ms | Allocations: 5281)
Completed 200 OK in 316ms (Views: 313.1ms | ActiveRecord: 2.2ms | Allocations: 5761)


Started GET "/fields" for ::1 at 2021-11-30 21:25:35 +0530
Processing by FieldsController#index as HTML
  Rendering layout layouts/application.html.erb
  Rendering fields/index.html.erb within layouts/application
  [1m[36mField Load (3.7ms)[0m  [1m[34mSELECT "fields".* FROM "fields"[0m
  ↳ app/views/fields/index.html.erb:17
  Rendered fields/index.html.erb within layouts/application (Duration: 13.3ms | Allocations: 1058)
[Webpacker] Everything's up-to-date. Nothing to do
  Rendered layout layouts/application.html.erb (Duration: 107.9ms | Allocations: 4533)
Completed 200 OK in 113ms (Views: 107.0ms | ActiveRecord: 3.7ms | Allocations: 5015)


Started GET "/fields" for ::1 at 2021-11-30 21:25:40 +0530
Processing by FieldsController#index as HTML
  Rendering layout layouts/application.html.erb
  Rendering fields/index.html.erb within layouts/application
  [1m[36mField Load (0.7ms)[0m  [1m[34mSELECT "fields".* FROM "fields"[0m
  ↳ app/views/fields/index.html.erb:17
  Rendered fields/index.html.erb within layouts/application (Duration: 7.6ms | Allocations: 1064)
[Webpacker] Everything's up-to-date. Nothing to do
  Rendered layout layouts/application.html.erb (Duration: 104.2ms | Allocations: 4539)
Completed 200 OK in 117ms (Views: 111.2ms | ActiveRecord: 0.7ms | Allocations: 5021)


Started GET "/" for ::1 at 2021-12-02 10:19:31 +0530
  [1m[35m (19.4ms)[0m  [1m[34mSELECT sqlite_version(*)[0m
  [1m[35m (0.9ms)[0m  [1m[34mSELECT "schema_migrations"."version" FROM "schema_migrations" ORDER BY "schema_migrations"."version" ASC[0m
Processing by Rails::WelcomeController#index as HTML
  Rendering C:/Ruby30-x64/lib/ruby/gems/3.0.0/gems/railties-6.1.4.1/lib/rails/templates/rails/welcome/index.html.erb
  Rendered C:/Ruby30-x64/lib/ruby/gems/3.0.0/gems/railties-6.1.4.1/lib/rails/templates/rails/welcome/index.html.erb (Duration: 33.5ms | Allocations: 495)
Completed 200 OK in 271ms (Views: 170.4ms | ActiveRecord: 0.0ms | Allocations: 3659)


Started GET "/fields" for ::1 at 2021-12-02 10:19:56 +0530
Processing by FieldsController#index as HTML
  Rendering layout layouts/application.html.erb
  Rendering fields/index.html.erb within layouts/application
  [1m[36mField Load (0.9ms)[0m  [1m[34mSELECT "fields".* FROM "fields"[0m
  ↳ app/views/fields/index.html.erb:17
  Rendered fields/index.html.erb within layouts/application (Duration: 57.7ms | Allocations: 5942)
[Webpacker] Everything's up-to-date. Nothing to do
  Rendered layout layouts/application.html.erb (Duration: 349.7ms | Allocations: 12669)
Completed 200 OK in 390ms (Views: 368.5ms | ActiveRecord: 4.1ms | Allocations: 14760)


Started GET "/fields/new" for ::1 at 2021-12-02 10:21:44 +0530
Processing by FieldsController#new as HTML
  Rendering layout layouts/application.html.erb
  Rendering fields/new.html.erb within layouts/application
  Rendered fields/_form.html.erb (Duration: 427.3ms | Allocations: 7899)
  Rendered fields/new.html.erb within layouts/application (Duration: 436.9ms | Allocations: 8311)
[Webpacker] Everything's up-to-date. Nothing to do
  Rendered layout layouts/application.html.erb (Duration: 524.7ms | Allocations: 11825)
Completed 200 OK in 536ms (Views: 527.9ms | ActiveRecord: 0.0ms | Allocations: 12658)


Started POST "/fields" for ::1 at 2021-12-02 10:22:13 +0530
Processing by FieldsController#create as HTML
  Parameters: {"authenticity_token"=>"[FILTERED]", "field"=>{"name"=>"Rohith", "age"=>"20", "gender"=>"male", "designationrole"=>"Manager"}, "commit"=>"Create Field"}
  [1m[36mTRANSACTION (0.2ms)[0m  [1m[36mbegin transaction[0m
  ↳ app/controllers/fields_controller.rb:27:in `block in create'
  [1m[36mField Create (15.1ms)[0m  [1m[32mINSERT INTO "fields" ("name", "age", "gender", "designationrole", "created_at", "updated_at") VALUES (?, ?, ?, ?, ?, ?)[0m  [["name", "Rohith"], ["age", 20.0], ["gender", "male"], ["designationrole", "Manager"], ["created_at", "2021-12-02 04:52:13.424532"], ["updated_at", "2021-12-02 04:52:13.424532"]]
  ↳ app/controllers/fields_controller.rb:27:in `block in create'
  [1m[36mTRANSACTION (42.3ms)[0m  [1m[36mcommit transaction[0m
  ↳ app/controllers/fields_controller.rb:27:in `block in create'
Redirected to http://localhost:3000/fields/4
Completed 302 Found in 166ms (ActiveRecord: 57.6ms | Allocations: 3634)


Started GET "/fields/4" for ::1 at 2021-12-02 10:22:13 +0530
Processing by FieldsController#show as HTML
  Parameters: {"id"=>"4"}
  [1m[36mField Load (0.9ms)[0m  [1m[34mSELECT "fields".* FROM "fields" WHERE "fields"."id" = ? LIMIT ?[0m  [["id", 4], ["LIMIT", 1]]
  ↳ app/controllers/fields_controller.rb:62:in `set_field'
  Rendering layout layouts/application.html.erb
  Rendering fields/show.html.erb within layouts/application
  Rendered fields/show.html.erb within layouts/application (Duration: 5.5ms | Allocations: 393)
[Webpacker] Everything's up-to-date. Nothing to do
  Rendered layout layouts/application.html.erb (Duration: 112.1ms | Allocations: 4026)
Completed 200 OK in 215ms (Views: 115.8ms | ActiveRecord: 0.9ms | Allocations: 6053)


Started GET "/fields/4" for ::1 at 2021-12-02 10:30:04 +0530
Processing by FieldsController#show as HTML
  Parameters: {"id"=>"4"}
  [1m[35m (0.3ms)[0m  [1m[34mSELECT sqlite_version(*)[0m
  ↳ app/controllers/fields_controller.rb:62:in `set_field'
  [1m[36mField Load (0.9ms)[0m  [1m[34mSELECT "fields".* FROM "fields" WHERE "fields"."id" = ? LIMIT ?[0m  [["id", 4], ["LIMIT", 1]]
  ↳ app/controllers/fields_controller.rb:62:in `set_field'
  Rendering layout layouts/application.html.erb
  Rendering fields/show.html.erb within layouts/application
  Rendered fields/show.html.erb within layouts/application (Duration: 1.4ms | Allocations: 118)
[Webpacker] Everything's up-to-date. Nothing to do
  Rendered layout layouts/application.html.erb (Duration: 566.8ms | Allocations: 3597)
Completed 200 OK in 687ms (Views: 573.3ms | ActiveRecord: 3.4ms | Allocations: 5331)


Started GET "/" for ::1 at 2021-12-02 11:21:14 +0530
  [1m[35m (92.5ms)[0m  [1m[34mSELECT sqlite_version(*)[0m
  [1m[35m (1.1ms)[0m  [1m[34mSELECT "schema_migrations"."version" FROM "schema_migrations" ORDER BY "schema_migrations"."version" ASC[0m
Processing by Rails::WelcomeController#index as HTML
  Rendering C:/Ruby30-x64/lib/ruby/gems/3.0.0/gems/railties-6.1.4.1/lib/rails/templates/rails/welcome/index.html.erb
  Rendered C:/Ruby30-x64/lib/ruby/gems/3.0.0/gems/railties-6.1.4.1/lib/rails/templates/rails/welcome/index.html.erb (Duration: 266.8ms | Allocations: 496)
Completed 200 OK in 1017ms (Views: 498.2ms | ActiveRecord: 0.0ms | Allocations: 3788)


Started GET "/fields" for ::1 at 2021-12-02 11:21:28 +0530
Processing by FieldsController#index as HTML
  Rendering layout layouts/application.html.erb
  Rendering fields/index.html.erb within layouts/application
  [1m[36mField Load (1.0ms)[0m  [1m[34mSELECT "fields".* FROM "fields"[0m
  ↳ app/views/fields/index.html.erb:17
  Rendered fields/index.html.erb within layouts/application (Duration: 190.7ms | Allocations: 6047)
[Webpacker] Everything's up-to-date. Nothing to do
  Rendered layout layouts/application.html.erb (Duration: 1114.5ms | Allocations: 12730)
Completed 200 OK in 1284ms (Views: 1135.7ms | ActiveRecord: 14.4ms | Allocations: 14892)


Started GET "/fields/new" for ::1 at 2021-12-02 11:21:34 +0530
Processing by FieldsController#new as HTML
  Rendering layout layouts/application.html.erb
  Rendering fields/new.html.erb within layouts/application
  Rendered fields/_form.html.erb (Duration: 1097.6ms | Allocations: 7910)
  Rendered fields/new.html.erb within layouts/application (Duration: 1115.8ms | Allocations: 8322)
[Webpacker] Everything's up-to-date. Nothing to do
  Rendered layout layouts/application.html.erb (Duration: 1238.5ms | Allocations: 11837)
Completed 200 OK in 1260ms (Views: 1243.2ms | ActiveRecord: 0.0ms | Allocations: 12640)


Started POST "/fields" for ::1 at 2021-12-02 11:22:09 +0530
Processing by FieldsController#create as HTML
  Parameters: {"authenticity_token"=>"[FILTERED]", "field"=>{"name"=>"Ramya", "age"=>"22", "gender"=>"Female", "designationrole"=>"Assistant Manager"}, "commit"=>"Create Field"}
  [1m[36mTRANSACTION (0.2ms)[0m  [1m[36mbegin transaction[0m
  ↳ app/controllers/fields_controller.rb:27:in `block in create'
  [1m[36mField Create (78.4ms)[0m  [1m[32mINSERT INTO "fields" ("name", "age", "gender", "designationrole", "created_at", "updated_at") VALUES (?, ?, ?, ?, ?, ?)[0m  [["name", "Ramya"], ["age", 22.0], ["gender", "Female"], ["designationrole", "Assistant Manager"], ["created_at", "2021-12-02 05:52:09.383571"], ["updated_at", "2021-12-02 05:52:09.383571"]]
  ↳ app/controllers/fields_controller.rb:27:in `block in create'
  [1m[36mTRANSACTION (61.5ms)[0m  [1m[36mcommit transaction[0m
  ↳ app/controllers/fields_controller.rb:27:in `block in create'
Redirected to http://localhost:3000/fields/5
Completed 302 Found in 183ms (ActiveRecord: 140.1ms | Allocations: 3543)


Started GET "/fields/5" for ::1 at 2021-12-02 11:22:09 +0530
Processing by FieldsController#show as HTML
  Parameters: {"id"=>"5"}
  [1m[36mField Load (0.9ms)[0m  [1m[34mSELECT "fields".* FROM "fields" WHERE "fields"."id" = ? LIMIT ?[0m  [["id", 5], ["LIMIT", 1]]
  ↳ app/controllers/fields_controller.rb:62:in `set_field'
  Rendering layout layouts/application.html.erb
  Rendering fields/show.html.erb within layouts/application
  Rendered fields/show.html.erb within layouts/application (Duration: 86.6ms | Allocations: 393)
[Webpacker] Everything's up-to-date. Nothing to do
  Rendered layout layouts/application.html.erb (Duration: 240.7ms | Allocations: 3971)
Completed 200 OK in 725ms (Views: 247.7ms | ActiveRecord: 0.9ms | Allocations: 9363)


Started GET "/fields/5/edit" for ::1 at 2021-12-02 11:22:14 +0530
Processing by FieldsController#edit as HTML
  Parameters: {"id"=>"5"}
  [1m[36mField Load (0.9ms)[0m  [1m[34mSELECT "fields".* FROM "fields" WHERE "fields"."id" = ? LIMIT ?[0m  [["id", 5], ["LIMIT", 1]]
  ↳ app/controllers/fields_controller.rb:62:in `set_field'
  Rendering layout layouts/application.html.erb
  Rendering fields/edit.html.erb within layouts/application
  Rendered fields/_form.html.erb (Duration: 6.3ms | Allocations: 1171)
  Rendered fields/edit.html.erb within layouts/application (Duration: 30.2ms | Allocations: 1447)
[Webpacker] Everything's up-to-date. Nothing to do
  Rendered layout layouts/application.html.erb (Duration: 194.9ms | Allocations: 4911)
Completed 200 OK in 220ms (Views: 207.8ms | ActiveRecord: 0.9ms | Allocations: 6126)


Started GET "/fields" for ::1 at 2021-12-02 11:22:18 +0530
Processing by FieldsController#index as HTML
  Rendering layout layouts/application.html.erb
  Rendering fields/index.html.erb within layouts/application
  [1m[36mField Load (0.8ms)[0m  [1m[34mSELECT "fields".* FROM "fields"[0m
  ↳ app/views/fields/index.html.erb:17
  Rendered fields/index.html.erb within layouts/application (Duration: 14.0ms | Allocations: 1296)
[Webpacker] Everything's up-to-date. Nothing to do
  Rendered layout layouts/application.html.erb (Duration: 194.8ms | Allocations: 4772)
Completed 200 OK in 204ms (Views: 201.2ms | ActiveRecord: 0.8ms | Allocations: 5267)


